<?xml version="1.0" encoding="UTF-8"?>
<!-- Generated by org.testng.reporters.JUnitXMLReporter -->
<testsuite hostname="ip-172-31-87-20" ignored="2" name="Test" tests="3" failures="0" timestamp="20 Dec 2021 05:18:25 GMT" time="5.422" errors="0">
  <testcase name="signupTest" time="0.933" classname="test.SignUpPageTest"/>
  <testcase name="LoginTest" time="0.398" classname="test.LoginPageTest"/>
  <testcase name="afterLogin" time="1.045" classname="test.AfterLoginTest"/>
  <testcase name="@BeforeTest ReportSetup" time="0.0" classname="test.Baseclass">
    <ignored/>
  </testcase> <!-- @BeforeTest ReportSetup -->
  <testcase name="@BeforeTest ReportSetup" time="0.0" classname="test.Baseclass">
    <ignored/>
  </testcase> <!-- @BeforeTest ReportSetup -->
</testsuite> <!-- Test -->
