<?xml version="1.0" encoding="UTF-8"?>
<testng-results skipped="0" failed="0" ignored="2" total="5" passed="3">
  <reporter-output>
  </reporter-output>
  <suite name="Suite" duration-ms="5422" started-at="2021-12-20T05:18:19Z" finished-at="2021-12-20T05:18:24Z">
    <groups>
    </groups>
    <test name="Test" duration-ms="5422" started-at="2021-12-20T05:18:19Z" finished-at="2021-12-20T05:18:24Z">
      <class name="test.LoginPageTest">
        <test-method status="PASS" signature="setup()[pri:0, instance:test.LoginPageTest@eb21112]" name="setup" is-config="true" duration-ms="834" started-at="2021-12-20T05:18:21Z" finished-at="2021-12-20T05:18:22Z">
          <reporter-output>
          </reporter-output>
        </test-method> <!-- setup -->
        <test-method status="PASS" signature="LoginTest(java.lang.String, java.lang.String)[pri:0, instance:test.LoginPageTest@eb21112]" name="LoginTest" duration-ms="398" started-at="2021-12-20T05:18:22Z" finished-at="2021-12-20T05:18:23Z">
          <params>
            <param index="0">
              <value>
                <![CDATA[abcd@gmail.com]]>
              </value>
            </param>
            <param index="1">
              <value>
                <![CDATA[ABCdefg1234##]]>
              </value>
            </param>
          </params>
          <reporter-output>
          </reporter-output>
        </test-method> <!-- LoginTest -->
        <test-method status="PASS" signature="teardown()[pri:0, instance:test.LoginPageTest@eb21112]" name="teardown" is-config="true" duration-ms="75" started-at="2021-12-20T05:18:23Z" finished-at="2021-12-20T05:18:23Z">
          <reporter-output>
          </reporter-output>
        </test-method> <!-- teardown -->
      </class> <!-- test.LoginPageTest -->
      <class name="test.SignUpPageTest">
        <test-method status="PASS" signature="ReportSetup()[pri:0, instance:test.SignUpPageTest@43a0cee9]" name="ReportSetup" is-config="true" duration-ms="180" started-at="2021-12-20T05:18:19Z" finished-at="2021-12-20T05:18:19Z">
          <reporter-output>
          </reporter-output>
        </test-method> <!-- ReportSetup -->
        <test-method status="PASS" signature="setup()[pri:0, instance:test.SignUpPageTest@43a0cee9]" name="setup" is-config="true" duration-ms="994" started-at="2021-12-20T05:18:19Z" finished-at="2021-12-20T05:18:20Z">
          <reporter-output>
          </reporter-output>
        </test-method> <!-- setup -->
        <test-method status="PASS" signature="signupTest(java.lang.String, java.lang.String, java.lang.String, java.lang.String, java.lang.String, java.lang.String)[pri:0, instance:test.SignUpPageTest@43a0cee9]" name="signupTest" duration-ms="933" started-at="2021-12-20T05:18:20Z" finished-at="2021-12-20T05:18:21Z">
          <params>
            <param index="0">
              <value>
                <![CDATA[abcd@gmail.com]]>
              </value>
            </param>
            <param index="1">
              <value>
                <![CDATA[ABCdefg1234##]]>
              </value>
            </param>
            <param index="2">
              <value>
                <![CDATA[Anusha]]>
              </value>
            </param>
            <param index="3">
              <value>
                <![CDATA[Thatipamula]]>
              </value>
            </param>
            <param index="4">
              <value>
                <![CDATA[22]]>
              </value>
            </param>
            <param index="5">
              <value>
                <![CDATA[Bangalore]]>
              </value>
            </param>
          </params>
          <reporter-output>
          </reporter-output>
        </test-method> <!-- signupTest -->
        <test-method status="PASS" signature="teardown()[pri:0, instance:test.SignUpPageTest@43a0cee9]" name="teardown" is-config="true" duration-ms="73" started-at="2021-12-20T05:18:21Z" finished-at="2021-12-20T05:18:21Z">
          <reporter-output>
          </reporter-output>
        </test-method> <!-- teardown -->
      </class> <!-- test.SignUpPageTest -->
      <class name="test.AfterLoginTest">
        <test-method status="PASS" signature="setup()[pri:0, instance:test.AfterLoginTest@2eda0940]" name="setup" is-config="true" duration-ms="782" started-at="2021-12-20T05:18:23Z" finished-at="2021-12-20T05:18:23Z">
          <reporter-output>
          </reporter-output>
        </test-method> <!-- setup -->
        <test-method status="PASS" signature="afterLogin(java.lang.String, java.lang.String)[pri:0, instance:test.AfterLoginTest@2eda0940]" name="afterLogin" duration-ms="1045" started-at="2021-12-20T05:18:23Z" finished-at="2021-12-20T05:18:24Z">
          <params>
            <param index="0">
              <value>
                <![CDATA[abcd@gmail.com]]>
              </value>
            </param>
            <param index="1">
              <value>
                <![CDATA[ABCdefg1234##]]>
              </value>
            </param>
          </params>
          <reporter-output>
          </reporter-output>
        </test-method> <!-- afterLogin -->
        <test-method status="PASS" signature="teardown()[pri:0, instance:test.AfterLoginTest@2eda0940]" name="teardown" is-config="true" duration-ms="67" started-at="2021-12-20T05:18:24Z" finished-at="2021-12-20T05:18:24Z">
          <reporter-output>
          </reporter-output>
        </test-method> <!-- teardown -->
      </class> <!-- test.AfterLoginTest -->
    </test> <!-- Test -->
  </suite> <!-- Suite -->
</testng-results>
